05:33:32 [INFO] Args: WakeServerArgs {
    redis_ip: ":filename7@192.168.1.51:6379",
}
05:33:32 [INFO] Connecting to redis server at :filename7@192.168.1.51:6379
05:33:32 [INFO] 🔧 Configured for [4mdebug[0m.
05:33:32 [INFO] address: [1;39m127.0.0.1[0m
05:33:32 [INFO] port: [1;39m8000[0m
05:33:32 [INFO] workers: [1;39m20[0m
05:33:32 [INFO] max blocking threads: [1;39m512[0m
05:33:32 [INFO] ident: [1;39mRocket[0m
05:33:32 [INFO] IP header: [1;39mX-Real-IP[0m
05:33:32 [INFO] limits: [1;39mbytes = 8KiB, data-form = 2MiB, file = 1MiB, form = 32KiB, json = 1MiB, msgpack = 1MiB, string = 8KiB[0m
05:33:32 [INFO] temp dir: [1;39m/tmp[0m
05:33:32 [INFO] http/2: [1;39mtrue[0m
05:33:32 [INFO] keep-alive: [1;39m5[0m[1;39ms[0m
05:33:32 [INFO] tls: [1;39mdisabled[0m
05:33:32 [INFO] shutdown: [1;39mctrlc = true, force = true, signals = [SIGTERM], grace = 2s, mercy = 3s[0m
05:33:32 [INFO] log level: [1;39mnormal[0m
05:33:32 [INFO] cli colors: [1;39mtrue[0m
05:33:32 [INFO] 📬 [35mRoutes[0m:
05:33:32 [INFO] [36m([0m[39mget_clients[0m[36m)[0m [32mGET[0m [34m/clients[0m
05:33:32 [INFO] [36m([0m[39mwake[0m[36m)[0m [32mGET[0m [34m/<name>/<action>[0m
05:33:32 [INFO] 📡 [35mFairings[0m:
05:33:32 [INFO] [1;39mShield[0m ([1;34mliftoff, response, singleton[0m)
05:33:32 [INFO] 🛡️ [35mShield[0m:
05:33:32 [INFO] X-Content-Type-Options: [39mnosniff[0m
05:33:32 [INFO] Permissions-Policy: [39minterest-cohort=()[0m
05:33:32 [INFO] X-Frame-Options: [39mSAMEORIGIN[0m
05:33:32 [WARN] 🚀 [1;39mRocket has launched from [4mhttp://127.0.0.1:8000[0m
05:33:36 [DEBUG] (19) rocket::server: Received request: Request {
    method: GET,
    uri: /clients/,
    version: HTTP/1.1,
    headers: {
        "host": "127.0.0.1:8000",
        "connection": "keep-alive",
        "sec-ch-ua": "\"Google Chrome\";v=\"123\", \"Not:A-Brand\";v=\"8\", \"Chromium\";v=\"123\"",
        "sec-ch-ua-mobile": "?0",
        "sec-ch-ua-platform": "\"Linux\"",
        "upgrade-insecure-requests": "1",
        "user-agent": "Mozilla/5.0 (X11; Linux x86_64) AppleWebKit/537.36 (KHTML, like Gecko) Chrome/123.0.0.0 Safari/537.36",
        "accept": "text/html,application/xhtml+xml,application/xml;q=0.9,image/avif,image/webp,image/apng,*/*;q=0.8,application/signed-exchange;v=b3;q=0.7",
        "sec-fetch-site": "none",
        "sec-fetch-mode": "navigate",
        "sec-fetch-user": "?1",
        "sec-fetch-dest": "document",
        "accept-encoding": "gzip, deflate, br, zstd",
        "accept-language": "en-US,en;q=0.9",
    },
    body: Body(
        Empty,
    ),
}
05:33:36 [INFO] [32mGET[0m [34m/clients/[0m [33mtext/html[0m:
05:33:36 [INFO] Matched: [36m([0m[39mget_clients[0m[36m)[0m [32mGET[0m [34m/clients[0m
05:33:36 [INFO] [1;39mOutcome: [0m[32mSuccess[0m([39m200 OK[0m)
05:33:36 [DEBUG] (19) rocket::server: sending response: Response {
    status: 200,
    version: HTTP/1.1,
    headers: {
        "content-type": "text/plain; charset=utf-8",
        "server": "Rocket",
        "x-content-type-options": "nosniff",
        "permissions-policy": "interest-cohort=()",
        "x-frame-options": "SAMEORIGIN",
        "content-length": "6",
    },
    body: Body(
        Streaming,
    ),
}
05:33:36 [INFO] [32mResponse succeeded.[0m
05:33:45 [DEBUG] (3) rocket::server: Received request: Request {
    method: GET,
    uri: /glados/mac,
    version: HTTP/1.1,
    headers: {
        "host": "127.0.0.1:8000",
        "connection": "keep-alive",
        "sec-ch-ua": "\"Google Chrome\";v=\"123\", \"Not:A-Brand\";v=\"8\", \"Chromium\";v=\"123\"",
        "sec-ch-ua-mobile": "?0",
        "sec-ch-ua-platform": "\"Linux\"",
        "upgrade-insecure-requests": "1",
        "user-agent": "Mozilla/5.0 (X11; Linux x86_64) AppleWebKit/537.36 (KHTML, like Gecko) Chrome/123.0.0.0 Safari/537.36",
        "accept": "text/html,application/xhtml+xml,application/xml;q=0.9,image/avif,image/webp,image/apng,*/*;q=0.8,application/signed-exchange;v=b3;q=0.7",
        "sec-fetch-site": "none",
        "sec-fetch-mode": "navigate",
        "sec-fetch-user": "?1",
        "sec-fetch-dest": "document",
        "accept-encoding": "gzip, deflate, br, zstd",
        "accept-language": "en-US,en;q=0.9",
    },
    body: Body(
        Empty,
    ),
}
05:33:45 [INFO] [32mGET[0m [34m/glados/mac[0m [33mtext/html[0m:
05:33:45 [INFO] Matched: [36m([0m[39mwake[0m[36m)[0m [32mGET[0m [34m/<name>/<action>[0m
05:33:45 [WARN] Note: Using `String` as a parameter type is inefficient. Use `&str` instead.
05:33:45 [INFO] `String` is used a parameter guard in wake-web/src/main.rs:26.
05:33:45 [WARN] Note: Using `String` as a parameter type is inefficient. Use `&str` instead.
05:33:45 [INFO] `String` is used a parameter guard in wake-web/src/main.rs:26.
05:33:45 [INFO] Received request for glados to mac
05:33:45 [INFO] Getting MAC address for glados
05:33:45 [INFO] [1;39mOutcome: [0m[32mSuccess[0m([39m200 OK[0m)
05:33:45 [DEBUG] (3) rocket::server: sending response: Response {
    status: 200,
    version: HTTP/1.1,
    headers: {
        "content-type": "text/plain; charset=utf-8",
        "server": "Rocket",
        "x-content-type-options": "nosniff",
        "permissions-policy": "interest-cohort=()",
        "x-frame-options": "SAMEORIGIN",
        "content-length": "17",
    },
    body: Body(
        Streaming,
    ),
}
05:33:45 [INFO] [32mResponse succeeded.[0m
05:33:56 [DEBUG] (3) rocket::server: Received request: Request {
    method: GET,
    uri: /glados/shutdown,
    version: HTTP/1.1,
    headers: {
        "host": "127.0.0.1:8000",
        "connection": "keep-alive",
        "sec-ch-ua": "\"Google Chrome\";v=\"123\", \"Not:A-Brand\";v=\"8\", \"Chromium\";v=\"123\"",
        "sec-ch-ua-mobile": "?0",
        "sec-ch-ua-platform": "\"Linux\"",
        "upgrade-insecure-requests": "1",
        "user-agent": "Mozilla/5.0 (X11; Linux x86_64) AppleWebKit/537.36 (KHTML, like Gecko) Chrome/123.0.0.0 Safari/537.36",
        "accept": "text/html,application/xhtml+xml,application/xml;q=0.9,image/avif,image/webp,image/apng,*/*;q=0.8,application/signed-exchange;v=b3;q=0.7",
        "sec-fetch-site": "none",
        "sec-fetch-mode": "navigate",
        "sec-fetch-user": "?1",
        "sec-fetch-dest": "document",
        "accept-encoding": "gzip, deflate, br, zstd",
        "accept-language": "en-US,en;q=0.9",
    },
    body: Body(
        Empty,
    ),
}
05:33:56 [INFO] [32mGET[0m [34m/glados/shutdown[0m [33mtext/html[0m:
05:33:56 [INFO] Matched: [36m([0m[39mwake[0m[36m)[0m [32mGET[0m [34m/<name>/<action>[0m
05:33:56 [WARN] Note: Using `String` as a parameter type is inefficient. Use `&str` instead.
05:33:56 [INFO] `String` is used a parameter guard in wake-web/src/main.rs:26.
05:33:56 [WARN] Note: Using `String` as a parameter type is inefficient. Use `&str` instead.
05:33:56 [INFO] `String` is used a parameter guard in wake-web/src/main.rs:26.
05:33:56 [INFO] Received request for glados to shutdown
05:33:56 [INFO] Shutting down glados
05:33:56 [DEBUG] (3) wake_web::redis: Sending shutdown key: wake/glados/shutdown
05:33:56 [INFO] [1;39mOutcome: [0m[32mSuccess[0m([39m200 OK[0m)
05:33:56 [DEBUG] (3) rocket::server: sending response: Response {
    status: 200,
    version: HTTP/1.1,
    headers: {
        "content-type": "text/plain; charset=utf-8",
        "server": "Rocket",
        "x-content-type-options": "nosniff",
        "permissions-policy": "interest-cohort=()",
        "x-frame-options": "SAMEORIGIN",
        "content-length": "2",
    },
    body: Body(
        Streaming,
    ),
}
05:33:56 [INFO] [32mResponse succeeded.[0m
